<?xml version="1.0" encoding="UTF-8" ?>
<testsuite tests="23" failures="0" name="es.deusto.testing.junit.MoneyTest" time="0.041" errors="0" skipped="0">
  <properties>
    <property name="java.runtime.name" value="Java(TM) SE Runtime Environment"/>
    <property name="sun.boot.library.path" value="C:\Programming\Java\jdk1.8.0_73\jre\bin"/>
    <property name="java.vm.version" value="25.73-b02"/>
    <property name="java.vm.vendor" value="Oracle Corporation"/>
    <property name="maven.multiModuleProjectDirectory" value="C:\Temp\jenkins\new_example\MoneyMoney"/>
    <property name="java.vendor.url" value="http://java.oracle.com/"/>
    <property name="path.separator" value=";"/>
    <property name="guice.disable.misplaced.annotation.check" value="true"/>
    <property name="java.vm.name" value="Java HotSpot(TM) 64-Bit Server VM"/>
    <property name="file.encoding.pkg" value="sun.io"/>
    <property name="user.script" value=""/>
    <property name="user.country" value="ES"/>
    <property name="sun.java.launcher" value="SUN_STANDARD"/>
    <property name="sun.os.patch.level" value=""/>
    <property name="java.vm.specification.name" value="Java Virtual Machine Specification"/>
    <property name="user.dir" value="C:\Temp\jenkins\new_example\MoneyMoney"/>
    <property name="java.runtime.version" value="1.8.0_73-b02"/>
    <property name="java.awt.graphicsenv" value="sun.awt.Win32GraphicsEnvironment"/>
    <property name="java.endorsed.dirs" value="C:\Programming\Java\jdk1.8.0_73\jre\lib\endorsed"/>
    <property name="os.arch" value="amd64"/>
    <property name="java.io.tmpdir" value="C:\Users\Diego\AppData\Local\Temp\"/>
    <property name="line.separator" value="
"/>
    <property name="java.vm.specification.vendor" value="Oracle Corporation"/>
    <property name="user.variant" value=""/>
    <property name="os.name" value="Windows 10"/>
    <property name="net.sourceforge.cobertura.datafile" value="C:\Temp\jenkins\new_example\MoneyMoney\target\cobertura\cobertura.ser"/>
    <property name="classworlds.conf" value="C:\Programming\Java\apache-maven-3.3.3\bin\..\bin\m2.conf"/>
    <property name="sun.jnu.encoding" value="Cp1252"/>
    <property name="java.library.path" value="C:\Programming\Java\jdk1.8.0_73\bin;C:\WINDOWS\Sun\Java\bin;C:\WINDOWS\system32;C:\WINDOWS;C:\ProgramData\Oracle\Java\javapath;C:\Program Files\Dell\DW WLAN Card;C:\Programming\Java\jdk1.8.0_73\bin;C:\Program Files (x86)\Intel\iCLS Client\;C:\Program Files\Intel\iCLS Client\;C:\WINDOWS\system32;C:\WINDOWS;C:\WINDOWS\System32\Wbem;C:\WINDOWS\System32\WindowsPowerShell\v1.0\;C:\Program Files\WIDCOMM\Bluetooth Software\;C:\Program Files\WIDCOMM\Bluetooth Software\syswow64;C:\Program Files\Intel\Intel(R) Management Engine Components\DAL;C:\Program Files (x86)\Intel\Intel(R) Management Engine Components\DAL;C:\Program Files\Intel\Intel(R) Management Engine Components\IPT;C:\Program Files (x86)\Intel\Intel(R) Management Engine Components\IPT;C:\Program Files (x86)\Google\Google Apps Sync\;C:\Program Files (x86)\Google\Google Apps Migration\;C:\Program Files\Google\Google Apps Sync\;C:\Programming\Python27;C:\Programming\Java\apache-maven-3.3.3\bin;C:\Programming\MongoDB\Server\3.0\bin;.;C:\Programming\utilities\putty;C:\Programming\aspectj\aspectj1.8\bin;C:\Programming\utilities\curl;C:\Programming\Java\apache-ant-1.9.6\bin;C:\Program Files\Google\Google Apps Migration\;C:\Programming\utilities\Git\cmd;C:\Programming\utilities\Git\mingw64\bin;C:\Programming\utilities\Git\usr\bin;C:\Programming\Python27\Scripts;C:\Programming\Python27\Lib\site-packages\Django-1.7.10-py2.7.egg\django\bin;C:\Programming\utilities\sqlite3;C:\Programming\nodejs\;C:\Programming\Google\google_appengine;C:\Programming\utilities\Heroku\bin;C:\Program Files (x86)\git\cmd;C:\Programming\Java\appengine-java-sdk-1.9.30\bin;C:\Programming\Java\jdk1.8.0_73;.;C:\Program Files (x86)\Skype\Phone\;C:\Programming\utilities\mysql-5.6.29-winx64\bin;C:\Programming\utilities\TortoiseGit\bin;C:\Users\Diego\AppData\Roaming\npm;C:\Programming\Google\google_appengine\;."/>
    <property name="java.specification.name" value="Java Platform API Specification"/>
    <property name="java.class.version" value="52.0"/>
    <property name="sun.management.compiler" value="HotSpot 64-Bit Tiered Compilers"/>
    <property name="os.version" value="10.0"/>
    <property name="user.home" value="C:\Users\Diego"/>
    <property name="user.timezone" value="Europe/Paris"/>
    <property name="java.awt.printerjob" value="sun.awt.windows.WPrinterJob"/>
    <property name="java.specification.version" value="1.8"/>
    <property name="file.encoding" value="Cp1252"/>
    <property name="user.name" value="Diego"/>
    <property name="java.class.path" value="C:\Programming\Java\apache-maven-3.3.3\bin\..\boot\plexus-classworlds-2.5.2.jar"/>
    <property name="java.vm.specification.version" value="1.8"/>
    <property name="sun.arch.data.model" value="64"/>
    <property name="java.home" value="C:\Programming\Java\jdk1.8.0_73\jre"/>
    <property name="sun.java.command" value="org.codehaus.plexus.classworlds.launcher.Launcher cobertura:cobertura"/>
    <property name="java.specification.vendor" value="Oracle Corporation"/>
    <property name="user.language" value="es"/>
    <property name="awt.toolkit" value="sun.awt.windows.WToolkit"/>
    <property name="java.vm.info" value="mixed mode"/>
    <property name="java.version" value="1.8.0_73"/>
    <property name="java.ext.dirs" value="C:\Programming\Java\jdk1.8.0_73\jre\lib\ext;C:\WINDOWS\Sun\Java\lib\ext"/>
    <property name="sun.boot.class.path" value="C:\Programming\Java\jdk1.8.0_73\jre\lib\resources.jar;C:\Programming\Java\jdk1.8.0_73\jre\lib\rt.jar;C:\Programming\Java\jdk1.8.0_73\jre\lib\sunrsasign.jar;C:\Programming\Java\jdk1.8.0_73\jre\lib\jsse.jar;C:\Programming\Java\jdk1.8.0_73\jre\lib\jce.jar;C:\Programming\Java\jdk1.8.0_73\jre\lib\charsets.jar;C:\Programming\Java\jdk1.8.0_73\jre\lib\jfr.jar;C:\Programming\Java\jdk1.8.0_73\jre\classes"/>
    <property name="sun.stderr.encoding" value="cp850"/>
    <property name="java.vendor" value="Oracle Corporation"/>
    <property name="maven.home" value="C:\Programming\Java\apache-maven-3.3.3\bin\.."/>
    <property name="file.separator" value="\"/>
    <property name="java.vendor.url.bug" value="http://bugreport.sun.com/bugreport/"/>
    <property name="sun.cpu.endian" value="little"/>
    <property name="sun.io.unicode.encoding" value="UnicodeLittle"/>
    <property name="project.build.outputDirectory" value="C:\Temp\jenkins\new_example\MoneyMoney\target\generated-classes\cobertura"/>
    <property name="sun.stdout.encoding" value="cp850"/>
    <property name="sun.desktop" value="windows"/>
    <property name="sun.cpu.isalist" value="amd64"/>
  </properties>
  <testcase classname="es.deusto.testing.junit.MoneyTest" name="zeroMoniesAreEqualRegardlessOfCurrency" time="0.036"/>
  <testcase classname="es.deusto.testing.junit.MoneyTest" name="testSimpleMultiply" time="0"/>
  <testcase classname="es.deusto.testing.junit.MoneyTest" name="testMixedSimpleAdd" time="0"/>
  <testcase classname="es.deusto.testing.junit.MoneyTest" name="testSimpleSubtract" time="0"/>
  <testcase classname="es.deusto.testing.junit.MoneyTest" name="testMoneyBagEquals" time="0"/>
  <testcase classname="es.deusto.testing.junit.MoneyTest" name="testNormalize2" time="0"/>
  <testcase classname="es.deusto.testing.junit.MoneyTest" name="testPrint" time="0"/>
  <testcase classname="es.deusto.testing.junit.MoneyTest" name="testSimpleNegate" time="0"/>
  <testcase classname="es.deusto.testing.junit.MoneyTest" name="testIsZero" time="0"/>
  <testcase classname="es.deusto.testing.junit.MoneyTest" name="testNormalize3" time="0.001"/>
  <testcase classname="es.deusto.testing.junit.MoneyTest" name="testBagMultiply" time="0.001"/>
  <testcase classname="es.deusto.testing.junit.MoneyTest" name="testBagSimpleAdd" time="0"/>
  <testcase classname="es.deusto.testing.junit.MoneyTest" name="testSimpleAdd" time="0.001"/>
  <testcase classname="es.deusto.testing.junit.MoneyTest" name="testSimplify" time="0"/>
  <testcase classname="es.deusto.testing.junit.MoneyTest" name="testBagSumAdd" time="0"/>
  <testcase classname="es.deusto.testing.junit.MoneyTest" name="testMoneyHash" time="0.001"/>
  <testcase classname="es.deusto.testing.junit.MoneyTest" name="testNormalize4" time="0"/>
  <testcase classname="es.deusto.testing.junit.MoneyTest" name="testSimpleBagAdd" time="0"/>
  <testcase classname="es.deusto.testing.junit.MoneyTest" name="testBagNotEquals" time="0"/>
  <testcase classname="es.deusto.testing.junit.MoneyTest" name="testMoneyEquals" time="0"/>
  <testcase classname="es.deusto.testing.junit.MoneyTest" name="testMoneyBagHash" time="0"/>
  <testcase classname="es.deusto.testing.junit.MoneyTest" name="testBagNegate" time="0"/>
  <testcase classname="es.deusto.testing.junit.MoneyTest" name="testBagSubtract" time="0.001"/>
</testsuite>